==========================================
SLURM_CLUSTER_NAME = paramutkarsh
SLURM_ARRAY_JOB_ID = 39805
SLURM_ARRAY_TASK_ID = 0
SLURM_ARRAY_TASK_COUNT = 5
SLURM_ARRAY_TASK_MAX = 4
SLURM_ARRAY_TASK_MIN = 0
SLURM_JOB_ACCOUNT = cdac
SLURM_JOB_ID = 39806
SLURM_JOB_NAME = scf
SLURM_JOB_NODELIST = hm[027-036]
SLURM_JOB_USER = chuk162
SLURM_JOB_UID = 23218
SLURM_JOB_PARTITION = standard
SLURM_TASK_PID = 362
SLURM_SUBMIT_DIR = /home/chuk162/project/scf
SLURM_CPUS_ON_NODE = 23
SLURM_NTASKS = 32
SLURM_TASK_PID = 362
==========================================
